13:02:37 **** Build of configuration Debug for project mmc_fat ****
make -r -j16 all 
Building file: ../src/cr_startup_lpc17.c
Building file: ../src/main.c
Invoking: MCU C Compiler
arm-none-eabi-gcc -DDEBUG -D__USE_CMSIS=CMSISv1p30_LPC17xx -D__CODE_RED -D__NEWLIB__ -I"D:\E13_V5_okno\E13_alarm_V3\Lib_CMSISv1p30_LPC17xx\inc" -I"D:\E13_V5_okno\E13_alarm_V3\Lib_EaBaseBoard\inc" -I"D:\E13_V5_okno\E13_alarm_V3\Lib_FatFs_SD\inc" -I"D:\E13_V5_okno\E13_alarm_V3\Lib_MCU\inc" -O0 -g3 -gdwarf-4 -Wall -c -fmessage-length=0 -fno-builtin -ffunction-sections -fmerge-constants -fmacro-prefix-map="../src/"= -mcpu=cortex-m3 -mthumb -D__NEWLIB__ -fstack-usage -MMD -MP -MF"src/cr_startup_lpc17.d" -MT"src/cr_startup_lpc17.o" -MT"src/cr_startup_lpc17.d" -o "src/cr_startup_lpc17.o" "../src/cr_startup_lpc17.c"
Invoking: MCU C Compiler
arm-none-eabi-gcc -DDEBUG -D__USE_CMSIS=CMSISv1p30_LPC17xx -D__CODE_RED -D__NEWLIB__ -I"D:\E13_V5_okno\E13_alarm_V3\Lib_CMSISv1p30_LPC17xx\inc" -I"D:\E13_V5_okno\E13_alarm_V3\Lib_EaBaseBoard\inc" -I"D:\E13_V5_okno\E13_alarm_V3\Lib_FatFs_SD\inc" -I"D:\E13_V5_okno\E13_alarm_V3\Lib_MCU\inc" -O0 -g3 -gdwarf-4 -Wall -c -fmessage-length=0 -fno-builtin -ffunction-sections -fmerge-constants -fmacro-prefix-map="../src/"= -mcpu=cortex-m3 -mthumb -D__NEWLIB__ -fstack-usage -MMD -MP -MF"src/main.d" -MT"src/main.o" -MT"src/main.d" -o "src/main.o" "../src/main.c"
../src/main.c: In function 'main':
../src/main.c:128:47: warning: format '%d' expects argument of type 'int', but argument 3 has type 'DWORD' {aka 'long unsigned int'} [-Wformat=]
  128 |         i = sprintf((char*)buf, "Drive size: %d \r\n", p2);
      |                                              ~^        ~~
      |                                               |        |
      |                                               int      DWORD {aka long unsigned int}
      |                                              %ld
../src/main.c:138:53: warning: format '%d' expects argument of type 'int', but argument 3 has type 'DWORD' {aka 'long unsigned int'} [-Wformat=]
  138 |         i = sprintf((char*)buf, "Erase block size: %d \r\n", p2);
      |                                                    ~^        ~~
      |                                                     |        |
      |                                                     int      DWORD {aka long unsigned int}
      |                                                    %ld
Finished building: ../src/cr_startup_lpc17.c
 
Finished building: ../src/main.c
 
Building target: mmc_fat.axf
Invoking: MCU Linker
arm-none-eabi-gcc -nostdlib -L"D:\E13_V5_okno\E13_alarm_V3\Lib_CMSISv1p30_LPC17xx\Debug" -L"D:\E13_V5_okno\E13_alarm_V3\Lib_EaBaseBoard\Debug" -L"D:\E13_V5_okno\E13_alarm_V3\Lib_MCU\Debug" -L"D:\E13_V5_okno\E13_alarm_V3\Lib_FatFs_SD\Debug" -Xlinker --gc-sections -Xlinker -Map=mmc_fat.map -mcpu=cortex-m3 -mthumb -T mmc_fat_Debug.ld -o "mmc_fat.axf" ./src/cr_startup_lpc17.o ./src/main.o    -lCMSISv1p30_LPC17xx -lLib_FatFs_SD -lLib_EaBaseBoard -lLib_MCU
Finished building target: mmc_fat.axf
 
Performing post-build steps
arm-none-eabi-size mmc_fat.axf; # arm-none-eabi-objdump -h -S mmc_fat.axf >mmc_fat.lss
   text	   data	    bss	    dec	    hex	filename
  47216	   1720	   1104	  50040	   c378	mmc_fat.axf
 

13:02:41 Build Finished. 0 errors, 2 warnings. (took 3s.935ms)

