13:03:16 **** Build of configuration Debug for project usbhostlite ****
make -r -j16 all 
Building file: ../src/Uart/usbhost_uart.c
Building file: ../src/MassStorage/usbhost_ms.c
Invoking: MCU C Compiler
arm-none-eabi-gcc -DDEBUG -D__USE_CMSIS=CMSISv1p30_LPC17xx -D__CODE_RED -D__NEWLIB__ -I"D:\E13_V5_okno\E13_alarm_V3\Lib_CMSISv1p30_LPC17xx\inc" -I"D:\E13_V5_okno\E13_alarm_V3\usbhostlite\src\Include" -I"D:\E13_V5_okno\E13_alarm_V3\usbhostlite\src" -O0 -g3 -gdwarf-4 -Wall -c -fmessage-length=0 -fno-builtin -ffunction-sections -fmerge-constants -fmacro-prefix-map="../src/Uart/"= -mcpu=cortex-m3 -mthumb -D__NEWLIB__ -fstack-usage -MMD -MP -MF"src/Uart/usbhost_uart.d" -MT"src/Uart/usbhost_uart.o" -MT"src/Uart/usbhost_uart.d" -o "src/Uart/usbhost_uart.o" "../src/Uart/usbhost_uart.c"
Invoking: MCU C Compiler
arm-none-eabi-gcc -DDEBUG -D__USE_CMSIS=CMSISv1p30_LPC17xx -D__CODE_RED -D__NEWLIB__ -I"D:\E13_V5_okno\E13_alarm_V3\Lib_CMSISv1p30_LPC17xx\inc" -I"D:\E13_V5_okno\E13_alarm_V3\usbhostlite\src\Include" -I"D:\E13_V5_okno\E13_alarm_V3\usbhostlite\src" -O0 -g3 -gdwarf-4 -Wall -c -fmessage-length=0 -fno-builtin -ffunction-sections -fmerge-constants -fmacro-prefix-map="../src/MassStorage/"= -mcpu=cortex-m3 -mthumb -D__NEWLIB__ -fstack-usage -MMD -MP -MF"src/MassStorage/usbhost_ms.d" -MT"src/MassStorage/usbhost_ms.o" -MT"src/MassStorage/usbhost_ms.d" -o "src/MassStorage/usbhost_ms.o" "../src/MassStorage/usbhost_ms.c"
Building file: ../src/Main/usbhost_main.c
In file included from D:\E13_V5_okno\E13_alarm_V3\usbhostlite\src\Include/usbhost_inc.h:31,
                 from ../src/MassStorage/usbhost_ms.h:28,
                 from ../src/MassStorage/usbhost_ms.c:25:
../src/MassStorage/usbhost_ms.c: In function 'MS_Init':
D:\E13_V5_okno\E13_alarm_V3\usbhostlite\src/Host/usbhost_lpc17xx.h:40:43: warning: pointer targets in passing argument 1 of 'UART_Printf' differ in signedness [-Wpointer-sign]
   40 | #define  PRINT_Err(rc)        UART_Printf("ERROR: In %s at Line %u - rc = %d\n", __FUNCTION__, __LINE__, rc)
      |                                           ^~~~~~~~~~~~~~~~~~~~~~~~~~~~~~~~~~~~~
      |                                           |
      |                                           char *
../src/MassStorage/usbhost_ms.c:65:9: note: in expansion of macro 'PRINT_Err'
   65 |         PRINT_Err(rc);
      |         ^~~~~~~~~
In file included from D:\E13_V5_okno\E13_alarm_V3\usbhostlite\src\Include/usbhost_inc.h:30:
D:\E13_V5_okno\E13_alarm_V3\usbhostlite\src/Uart/usbhost_uart.h:49:38: note: expected 'const USB_INT08U *' {aka 'const unsigned char *'} but argument is of type 'char *'
   49 | void  UART_Printf(const USB_INT08U  *format, ...);
      |                   ~~~~~~~~~~~~~~~~~~~^~~~~~
../src/MassStorage/usbhost_ms.c: In function 'MS_ParseConfiguration':
../src/MassStorage/usbhost_ms.c:141:19: warning: pointer targets in passing argument 1 of 'UART_Printf' differ in signedness [-Wpointer-sign]
  141 |         PRINT_Log("Mass Storage device connected\n");
      |                   ^~~~~~~~~~~~~~~~~~~~~~~~~~~~~~~~~
      |                   |
      |                   char *
D:\E13_V5_okno\E13_alarm_V3\usbhostlite\src/Host/usbhost_lpc17xx.h:39:43: note: in definition of macro 'PRINT_Log'
   39 | #define  PRINT_Log(...)       UART_Printf(__VA_ARGS__)
      |                                           ^~~~~~~~~~~
D:\E13_V5_okno\E13_alarm_V3\usbhostlite\src/Uart/usbhost_uart.h:49:38: note: expected 'const USB_INT08U *' {aka 'const unsigned char *'} but argument is of type 'char *'
   49 | void  UART_Printf(const USB_INT08U  *format, ...);
      |                   ~~~~~~~~~~~~~~~~~~~^~~~~~
../src/MassStorage/usbhost_ms.c:144:19: warning: pointer targets in passing argument 1 of 'UART_Printf' differ in signedness [-Wpointer-sign]
  144 |         PRINT_Log("Not a Mass Storage device\n");
      |                   ^~~~~~~~~~~~~~~~~~~~~~~~~~~~~
      |                   |
      |                   char *
D:\E13_V5_okno\E13_alarm_V3\usbhostlite\src/Host/usbhost_lpc17xx.h:39:43: note: in definition of macro 'PRINT_Log'
   39 | #define  PRINT_Log(...)       UART_Printf(__VA_ARGS__)
      |                                           ^~~~~~~~~~~
D:\E13_V5_okno\E13_alarm_V3\usbhostlite\src/Uart/usbhost_uart.h:49:38: note: expected 'const USB_INT08U *' {aka 'const unsigned char *'} but argument is of type 'char *'
   49 | void  UART_Printf(const USB_INT08U  *format, ...);
      |                   ~~~~~~~~~~~~~~~~~~~^~~~~~
Building file: ../src/Host/usbhost_lpc17xx.c
Invoking: MCU C Compiler
Finished building: ../src/Uart/usbhost_uart.c
Finished building: ../src/MassStorage/usbhost_ms.c
arm-none-eabi-gcc -DDEBUG -D__USE_CMSIS=CMSISv1p30_LPC17xx -D__CODE_RED -D__NEWLIB__ -I"D:\E13_V5_okno\E13_alarm_V3\Lib_CMSISv1p30_LPC17xx\inc" -I"D:\E13_V5_okno\E13_alarm_V3\usbhostlite\src\Include" -I"D:\E13_V5_okno\E13_alarm_V3\usbhostlite\src" -O0 -g3 -gdwarf-4 -Wall -c -fmessage-length=0 -fno-builtin -ffunction-sections -fmerge-constants -fmacro-prefix-map="../src/Main/"= -mcpu=cortex-m3 -mthumb -D__NEWLIB__ -fstack-usage -MMD -MP -MF"src/Main/usbhost_main.d" -MT"src/Main/usbhost_main.o" -MT"src/Main/usbhost_main.d" -o "src/Main/usbhost_main.o" "../src/Main/usbhost_main.c"
Invoking: MCU C Compiler
 
In file included from ../src/Main/usbhost_main.c:25:
../src/Main/usbhost_main.c: In function 'Main_Read':
../src/Main/usbhost_main.h:36:22: warning: pointer targets in passing argument 1 of 'FILE_Open' differ in signedness [-Wpointer-sign]
   36 | #define  FILENAME_R  "MSREAD.TXT"
      |                      ^~~~~~~~~~~~
      |                      |
      |                      char *
../src/Main/usbhost_main.c:98:21: note: in expansion of macro 'FILENAME_R'
   98 |     fdr = FILE_Open(FILENAME_R, RDONLY);
      |                     ^~~~~~~~~~
In file included from D:\E13_V5_okno\E13_alarm_V3\usbhostlite\src\Include/usbhost_inc.h:33,
                 from ../src/Main/usbhost_main.h:28:
D:\E13_V5_okno\E13_alarm_V3\usbhostlite\src/Fat/usbhost_fat.h:89:53: note: expected 'USB_INT08U *' {aka 'unsigned char *'} but argument is of type 'char *'
   89 | USB_INT32S  FILE_Open       (          USB_INT08U  *file_name,
      |                                        ~~~~~~~~~~~~~^~~~~~~~~
In file included from D:\E13_V5_okno\E13_alarm_V3\usbhostlite\src\Include/usbhost_inc.h:31:
../src/Main/usbhost_main.c:100:19: warning: pointer targets in passing argument 1 of 'UART_Printf' differ in signedness [-Wpointer-sign]
  100 |         PRINT_Log("Reading from %s...\n", FILENAME_R);
      |                   ^~~~~~~~~~~~~~~~~~~~~~
      |                   |
      |                   char *
D:\E13_V5_okno\E13_alarm_V3\usbhostlite\src/Host/usbhost_lpc17xx.h:39:43: note: in definition of macro 'PRINT_Log'
   39 | #define  PRINT_Log(...)       UART_Printf(__VA_ARGS__)
      |                                           ^~~~~~~~~~~
In file included from D:\E13_V5_okno\E13_alarm_V3\usbhostlite\src\Include/usbhost_inc.h:30:
D:\E13_V5_okno\E13_alarm_V3\usbhostlite\src/Uart/usbhost_uart.h:49:38: note: expected 'const USB_INT08U *' {aka 'const unsigned char *'} but argument is of type 'char *'
   49 | void  UART_Printf(const USB_INT08U  *format, ...);
      |                   ~~~~~~~~~~~~~~~~~~~^~~~~~
../src/Main/usbhost_main.c:106:19: warning: pointer targets in passing argument 1 of 'UART_Printf' differ in signedness [-Wpointer-sign]
  106 |         PRINT_Log("Read Complete\n");
      |                   ^~~~~~~~~~~~~~~~~
      |                   |
      |                   char *
D:\E13_V5_okno\E13_alarm_V3\usbhostlite\src/Host/usbhost_lpc17xx.h:39:43: note: in definition of macro 'PRINT_Log'
   39 | #define  PRINT_Log(...)       UART_Printf(__VA_ARGS__)
      |                                           ^~~~~~~~~~~
D:\E13_V5_okno\E13_alarm_V3\usbhostlite\src/Uart/usbhost_uart.h:49:38: note: expected 'const USB_INT08U *' {aka 'const unsigned char *'} but argument is of type 'char *'
   49 | void  UART_Printf(const USB_INT08U  *format, ...);
      |                   ~~~~~~~~~~~~~~~~~~~^~~~~~
../src/Main/usbhost_main.c:108:19: warning: pointer targets in passing argument 1 of 'UART_Printf' differ in signedness [-Wpointer-sign]
  108 |         PRINT_Log("Could not open file %s\n", FILENAME_R);
      |                   ^~~~~~~~~~~~~~~~~~~~~~~~~~
      |                   |
      |                   char *
D:\E13_V5_okno\E13_alarm_V3\usbhostlite\src/Host/usbhost_lpc17xx.h:39:43: note: in definition of macro 'PRINT_Log'
   39 | #define  PRINT_Log(...)       UART_Printf(__VA_ARGS__)
      |                                           ^~~~~~~~~~~
D:\E13_V5_okno\E13_alarm_V3\usbhostlite\src/Uart/usbhost_uart.h:49:38: note: expected 'const USB_INT08U *' {aka 'const unsigned char *'} but argument is of type 'char *'
   49 | void  UART_Printf(const USB_INT08U  *format, ...);
      |                   ~~~~~~~~~~~~~~~~~~~^~~~~~
../src/Main/usbhost_main.c: In function 'Main_Write':
../src/Main/usbhost_main.h:36:22: warning: pointer targets in passing argument 1 of 'FILE_Open' differ in signedness [-Wpointer-sign]
   36 | #define  FILENAME_R  "MSREAD.TXT"
      |                      ^~~~~~~~~~~~
      |                      |
      |                      char *
../src/Main/usbhost_main.c:134:21: note: in expansion of macro 'FILENAME_R'
  134 |     fdr = FILE_Open(FILENAME_R, RDONLY);
      |                     ^~~~~~~~~~
D:\E13_V5_okno\E13_alarm_V3\usbhostlite\src/Fat/usbhost_fat.h:89:53: note: expected 'USB_INT08U *' {aka 'unsigned char *'} but argument is of type 'char *'
   89 | USB_INT32S  FILE_Open       (          USB_INT08U  *file_name,
      |                                        ~~~~~~~~~~~~~^~~~~~~~~
../src/Main/usbhost_main.h:37:22: warning: pointer targets in passing argument 1 of 'FILE_Open' differ in signedness [-Wpointer-sign]
   37 | #define  FILENAME_W  "MSWRITE.TXT"
      |                      ^~~~~~~~~~~~~
      |                      |
      |                      char *
../src/Main/usbhost_main.c:137:25: note: in expansion of macro 'FILENAME_W'
  137 |         fdw = FILE_Open(FILENAME_W, RDWR);
      |                         ^~~~~~~~~~
D:\E13_V5_okno\E13_alarm_V3\usbhostlite\src/Fat/usbhost_fat.h:89:53: note: expected 'USB_INT08U *' {aka 'unsigned char *'} but argument is of type 'char *'
   89 | USB_INT32S  FILE_Open       (          USB_INT08U  *file_name,
      |                                        ~~~~~~~~~~~~~^~~~~~~~~
../src/Main/usbhost_main.c:140:23: warning: pointer targets in passing argument 1 of 'UART_Printf' differ in signedness [-Wpointer-sign]
  140 |             PRINT_Log("Writing to %s...\n", FILENAME_W);
      |                       ^~~~~~~~~~~~~~~~~~~~
      |                       |
      |                       char *
D:\E13_V5_okno\E13_alarm_V3\usbhostlite\src/Host/usbhost_lpc17xx.h:39:43: note: in definition of macro 'PRINT_Log'
   39 | #define  PRINT_Log(...)       UART_Printf(__VA_ARGS__)
      |                                           ^~~~~~~~~~~
D:\E13_V5_okno\E13_alarm_V3\usbhostlite\src/Uart/usbhost_uart.h:49:38: note: expected 'const USB_INT08U *' {aka 'const unsigned char *'} but argument is of type 'char *'
   49 | void  UART_Printf(const USB_INT08U  *format, ...);
      |                   ~~~~~~~~~~~~~~~~~~~^~~~~~
../src/Main/usbhost_main.c:146:23: warning: pointer targets in passing argument 1 of 'UART_Printf' differ in signedness [-Wpointer-sign]
  146 |             PRINT_Log("Write completed\n");
      |                       ^~~~~~~~~~~~~~~~~~~
      |                       |
      |                       char *
D:\E13_V5_okno\E13_alarm_V3\usbhostlite\src/Host/usbhost_lpc17xx.h:39:43: note: in definition of macro 'PRINT_Log'
   39 | #define  PRINT_Log(...)       UART_Printf(__VA_ARGS__)
      |                                           ^~~~~~~~~~~
D:\E13_V5_okno\E13_alarm_V3\usbhostlite\src/Uart/usbhost_uart.h:49:38: note: expected 'const USB_INT08U *' {aka 'const unsigned char *'} but argument is of type 'char *'
   49 | void  UART_Printf(const USB_INT08U  *format, ...);
      |                   ~~~~~~~~~~~~~~~~~~~^~~~~~
../src/Main/usbhost_main.c:148:23: warning: pointer targets in passing argument 1 of 'UART_Printf' differ in signedness [-Wpointer-sign]
  148 |             PRINT_Log("Could not open file %s\n", FILENAME_W);
      |                       ^~~~~~~~~~~~~~~~~~~~~~~~~~
      |                       |
      |                       char *
D:\E13_V5_okno\E13_alarm_V3\usbhostlite\src/Host/usbhost_lpc17xx.h:39:43: note: in definition of macro 'PRINT_Log'
   39 | #define  PRINT_Log(...)       UART_Printf(__VA_ARGS__)
      |                                           ^~~~~~~~~~~
D:\E13_V5_okno\E13_alarm_V3\usbhostlite\src/Uart/usbhost_uart.h:49:38: note: expected 'const USB_INT08U *' {aka 'const unsigned char *'} but argument is of type 'char *'
   49 | void  UART_Printf(const USB_INT08U  *format, ...);
      |                   ~~~~~~~~~~~~~~~~~~~^~~~~~
../src/Main/usbhost_main.c:153:19: warning: pointer targets in passing argument 1 of 'UART_Printf' differ in signedness [-Wpointer-sign]
  153 |         PRINT_Log("Could not open file %s\n", FILENAME_R);
      |                   ^~~~~~~~~~~~~~~~~~~~~~~~~~
      |                   |
      |                   char *
D:\E13_V5_okno\E13_alarm_V3\usbhostlite\src/Host/usbhost_lpc17xx.h:39:43: note: in definition of macro 'PRINT_Log'
   39 | #define  PRINT_Log(...)       UART_Printf(__VA_ARGS__)
      |                                           ^~~~~~~~~~~
D:\E13_V5_okno\E13_alarm_V3\usbhostlite\src/Uart/usbhost_uart.h:49:38: note: expected 'const USB_INT08U *' {aka 'const unsigned char *'} but argument is of type 'char *'
   49 | void  UART_Printf(const USB_INT08U  *format, ...);
      |                   ~~~~~~~~~~~~~~~~~~~^~~~~~
../src/Main/usbhost_main.c: In function 'Main_Copy':
../src/Main/usbhost_main.h:36:22: warning: pointer targets in passing argument 1 of 'FILE_Open' differ in signedness [-Wpointer-sign]
   36 | #define  FILENAME_R  "MSREAD.TXT"
      |                      ^~~~~~~~~~~~
      |                      |
      |                      char *
../src/Main/usbhost_main.c:178:21: note: in expansion of macro 'FILENAME_R'
  178 |     fdr = FILE_Open(FILENAME_R, RDONLY);
      |                     ^~~~~~~~~~
arm-none-eabi-gcc -DDEBUG -D__USE_CMSIS=CMSISv1p30_LPC17xx -D__CODE_RED -D__NEWLIB__ -I"D:\E13_V5_okno\E13_alarm_V3\Lib_CMSISv1p30_LPC17xx\inc" -I"D:\E13_V5_okno\E13_alarm_V3\usbhostlite\src\Include" -I"D:\E13_V5_okno\E13_alarm_V3\usbhostlite\src" -O0 -g3 -gdwarf-4 -Wall -c -fmessage-length=0 -fno-builtin -ffunction-sections -fmerge-constants -fmacro-prefix-map="../src/Host/"= -mcpu=cortex-m3 -mthumb -D__NEWLIB__ -fstack-usage -MMD -MP -MF"src/Host/usbhost_lpc17xx.d" -MT"src/Host/usbhost_lpc17xx.o" -MT"src/Host/usbhost_lpc17xx.d" -o "src/Host/usbhost_lpc17xx.o" "../src/Host/usbhost_lpc17xx.c"
D:\E13_V5_okno\E13_alarm_V3\usbhostlite\src/Fat/usbhost_fat.h:89:53: note: expected 'USB_INT08U *' {aka 'unsigned char *'} but argument is of type 'char *'
   89 | USB_INT32S  FILE_Open       (          USB_INT08U  *file_name,
      |                                        ~~~~~~~~~~~~~^~~~~~~~~
../src/Main/usbhost_main.h:37:22: warning: pointer targets in passing argument 1 of 'FILE_Open' differ in signedness [-Wpointer-sign]
   37 | #define  FILENAME_W  "MSWRITE.TXT"
      |                      ^~~~~~~~~~~~~
      |                      |
      |                      char *
../src/Main/usbhost_main.c:180:25: note: in expansion of macro 'FILENAME_W'
  180 |         fdw = FILE_Open(FILENAME_W, RDWR);
      |                         ^~~~~~~~~~
D:\E13_V5_okno\E13_alarm_V3\usbhostlite\src/Fat/usbhost_fat.h:89:53: note: expected 'USB_INT08U *' {aka 'unsigned char *'} but argument is of type 'char *'
   89 | USB_INT32S  FILE_Open       (          USB_INT08U  *file_name,
      |                                        ~~~~~~~~~~~~~^~~~~~~~~
../src/Main/usbhost_main.c:182:23: warning: pointer targets in passing argument 1 of 'UART_Printf' differ in signedness [-Wpointer-sign]
  182 |             PRINT_Log("Copying from %s to %s...\n", FILENAME_R, FILENAME_W);
      |                       ^~~~~~~~~~~~~~~~~~~~~~~~~~~~
      |                       |
      |                       char *
D:\E13_V5_okno\E13_alarm_V3\usbhostlite\src/Host/usbhost_lpc17xx.h:39:43: note: in definition of macro 'PRINT_Log'
   39 | #define  PRINT_Log(...)       UART_Printf(__VA_ARGS__)
      |                                           ^~~~~~~~~~~
D:\E13_V5_okno\E13_alarm_V3\usbhostlite\src/Uart/usbhost_uart.h:49:38: note: expected 'const USB_INT08U *' {aka 'const unsigned char *'} but argument is of type 'char *'
   49 | void  UART_Printf(const USB_INT08U  *format, ...);
      |                   ~~~~~~~~~~~~~~~~~~~^~~~~~
../src/Main/usbhost_main.c:189:23: warning: pointer targets in passing argument 1 of 'UART_Printf' differ in signedness [-Wpointer-sign]
  189 |             PRINT_Log("Could not open file %s\n", FILENAME_W);
      |                       ^~~~~~~~~~~~~~~~~~~~~~~~~~
      |                       |
      |                       char *
D:\E13_V5_okno\E13_alarm_V3\usbhostlite\src/Host/usbhost_lpc17xx.h:39:43: note: in definition of macro 'PRINT_Log'
   39 | #define  PRINT_Log(...)       UART_Printf(__VA_ARGS__)
      |                                           ^~~~~~~~~~~
D:\E13_V5_okno\E13_alarm_V3\usbhostlite\src/Uart/usbhost_uart.h:49:38: note: expected 'const USB_INT08U *' {aka 'const unsigned char *'} but argument is of type 'char *'
   49 | void  UART_Printf(const USB_INT08U  *format, ...);
      |                   ~~~~~~~~~~~~~~~~~~~^~~~~~
../src/Main/usbhost_main.c:193:19: warning: pointer targets in passing argument 1 of 'UART_Printf' differ in signedness [-Wpointer-sign]
  193 |         PRINT_Log("Copy completed\n");
      |                   ^~~~~~~~~~~~~~~~~~
      |                   |
      |                   char *
D:\E13_V5_okno\E13_alarm_V3\usbhostlite\src/Host/usbhost_lpc17xx.h:39:43: note: in definition of macro 'PRINT_Log'
   39 | #define  PRINT_Log(...)       UART_Printf(__VA_ARGS__)
      |                                           ^~~~~~~~~~~
 
D:\E13_V5_okno\E13_alarm_V3\usbhostlite\src/Uart/usbhost_uart.h:49:38: note: expected 'const USB_INT08U *' {aka 'const unsigned char *'} but argument is of type 'char *'
   49 | void  UART_Printf(const USB_INT08U  *format, ...);
      |                   ~~~~~~~~~~~~~~~~~~~^~~~~~
../src/Main/usbhost_main.c:195:19: warning: pointer targets in passing argument 1 of 'UART_Printf' differ in signedness [-Wpointer-sign]
  195 |         PRINT_Log("Could not open file %s\n", FILENAME_R);
      |                   ^~~~~~~~~~~~~~~~~~~~~~~~~~
      |                   |
      |                   char *
D:\E13_V5_okno\E13_alarm_V3\usbhostlite\src/Host/usbhost_lpc17xx.h:39:43: note: in definition of macro 'PRINT_Log'
   39 | #define  PRINT_Log(...)       UART_Printf(__VA_ARGS__)
      |                                           ^~~~~~~~~~~
D:\E13_V5_okno\E13_alarm_V3\usbhostlite\src/Uart/usbhost_uart.h:49:38: note: expected 'const USB_INT08U *' {aka 'const unsigned char *'} but argument is of type 'char *'
   49 | void  UART_Printf(const USB_INT08U  *format, ...);
      |                   ~~~~~~~~~~~~~~~~~~~^~~~~~
Building file: ../src/Fat/usbhost_fat.c
In file included from ../src/Host/usbhost_lpc17xx.c:25:
../src/Host/usbhost_lpc17xx.c: In function 'Host_Init':
../src/Host/usbhost_lpc17xx.c:130:19: warning: pointer targets in passing argument 1 of 'UART_Printf' differ in signedness [-Wpointer-sign]
  130 |         PRINT_Log("Initializing Host Stack\n");
      |                   ^~~~~~~~~~~~~~~~~~~~~~~~~~~
      |                   |
      |                   char *
../src/Host/usbhost_lpc17xx.h:39:43: note: in definition of macro 'PRINT_Log'
   39 | #define  PRINT_Log(...)       UART_Printf(__VA_ARGS__)
      |                                           ^~~~~~~~~~~
In file included from D:\E13_V5_okno\E13_alarm_V3\usbhostlite\src\Include/usbhost_inc.h:30,
                 from ../src/Host/usbhost_lpc17xx.h:28:
D:\E13_V5_okno\E13_alarm_V3\usbhostlite\src/Uart/usbhost_uart.h:49:38: note: expected 'const USB_INT08U *' {aka 'const unsigned char *'} but argument is of type 'char *'
   49 | void  UART_Printf(const USB_INT08U  *format, ...);
      |                   ~~~~~~~~~~~~~~~~~~~^~~~~~
Finished building: ../src/Main/usbhost_main.c
../src/Host/usbhost_lpc17xx.c:182:15: warning: pointer targets in passing argument 1 of 'UART_Printf' differ in signedness [-Wpointer-sign]
  182 |     PRINT_Log("Host Initialized\n");
      |               ^~~~~~~~~~~~~~~~~~~~
      |               |
      |               char *
../src/Host/usbhost_lpc17xx.h:39:43: note: in definition of macro 'PRINT_Log'
   39 | #define  PRINT_Log(...)       UART_Printf(__VA_ARGS__)
      |                                           ^~~~~~~~~~~
D:\E13_V5_okno\E13_alarm_V3\usbhostlite\src/Uart/usbhost_uart.h:49:38: note: expected 'const USB_INT08U *' {aka 'const unsigned char *'} but argument is of type 'char *'
   49 | void  UART_Printf(const USB_INT08U  *format, ...);
      |                   ~~~~~~~~~~~~~~~~~~~^~~~~~
../src/Host/usbhost_lpc17xx.c: In function 'USB_IRQHandler':
../src/Host/usbhost_lpc17xx.c:233:67: warning: pointer targets in passing argument 1 of 'UART_Printf' differ in signedness [-Wpointer-sign]
  233 |                                                         PRINT_Log("Spurious status change (connected)?\n");
      |                                                                   ^~~~~~~~~~~~~~~~~~~~~~~~~~~~~~~~~~~~~~~
      |                                                                   |
      |                                                                   char *
../src/Host/usbhost_lpc17xx.h:39:43: note: in definition of macro 'PRINT_Log'
   39 | #define  PRINT_Log(...)       UART_Printf(__VA_ARGS__)
      |                                           ^~~~~~~~~~~
D:\E13_V5_okno\E13_alarm_V3\usbhostlite\src/Uart/usbhost_uart.h:49:38: note: expected 'const USB_INT08U *' {aka 'const unsigned char *'} but argument is of type 'char *'
   49 | void  UART_Printf(const USB_INT08U  *format, ...);
      |                   ~~~~~~~~~~~~~~~~~~~^~~~~~
../src/Host/usbhost_lpc17xx.c:241:67: warning: pointer targets in passing argument 1 of 'UART_Printf' differ in signedness [-Wpointer-sign]
  241 |                                                         PRINT_Log("Spurious status change (disconnected)?\n");
      |                                                                   ^~~~~~~~~~~~~~~~~~~~~~~~~~~~~~~~~~~~~~~~~~
      |                                                                   |
      |                                                                   char *
../src/Host/usbhost_lpc17xx.h:39:43: note: in definition of macro 'PRINT_Log'
   39 | #define  PRINT_Log(...)       UART_Printf(__VA_ARGS__)
      |                                           ^~~~~~~~~~~
D:\E13_V5_okno\E13_alarm_V3\usbhostlite\src/Uart/usbhost_uart.h:49:38: note: expected 'const USB_INT08U *' {aka 'const unsigned char *'} but argument is of type 'char *'
   49 | void  UART_Printf(const USB_INT08U  *format, ...);
      |                   ~~~~~~~~~~~~~~~~~~~^~~~~~
../src/Host/usbhost_lpc17xx.c: In function 'Host_EnumDev':
../src/Host/usbhost_lpc17xx.c:347:15: warning: pointer targets in passing argument 1 of 'UART_Printf' differ in signedness [-Wpointer-sign]
  347 |     PRINT_Log("Connect a Mass Storage device\n");
      |               ^~~~~~~~~~~~~~~~~~~~~~~~~~~~~~~~~
      |               |
      |               char *
../src/Host/usbhost_lpc17xx.h:39:43: note: in definition of macro 'PRINT_Log'
   39 | #define  PRINT_Log(...)       UART_Printf(__VA_ARGS__)
      |                                           ^~~~~~~~~~~
D:\E13_V5_okno\E13_alarm_V3\usbhostlite\src/Uart/usbhost_uart.h:49:38: note: expected 'const USB_INT08U *' {aka 'const unsigned char *'} but argument is of type 'char *'
   49 | void  UART_Printf(const USB_INT08U  *format, ...);
      |                   ~~~~~~~~~~~~~~~~~~~^~~~~~
../src/Host/usbhost_lpc17xx.h:40:43: warning: pointer targets in passing argument 1 of 'UART_Printf' differ in signedness [-Wpointer-sign]
   40 | #define  PRINT_Err(rc)        UART_Printf("ERROR: In %s at Line %u - rc = %d\n", __FUNCTION__, __LINE__, rc)
      |                                           ^~~~~~~~~~~~~~~~~~~~~~~~~~~~~~~~~~~~~
      |                                           |
      |                                           char *
../src/Host/usbhost_lpc17xx.c:360:9: note: in expansion of macro 'PRINT_Err'
  360 |         PRINT_Err(rc);
      |         ^~~~~~~~~
D:\E13_V5_okno\E13_alarm_V3\usbhostlite\src/Uart/usbhost_uart.h:49:38: note: expected 'const USB_INT08U *' {aka 'const unsigned char *'} but argument is of type 'char *'
   49 | void  UART_Printf(const USB_INT08U  *format, ...);
      |                   ~~~~~~~~~~~~~~~~~~~^~~~~~
../src/Host/usbhost_lpc17xx.h:40:43: warning: pointer targets in passing argument 1 of 'UART_Printf' differ in signedness [-Wpointer-sign]
   40 | #define  PRINT_Err(rc)        UART_Printf("ERROR: In %s at Line %u - rc = %d\n", __FUNCTION__, __LINE__, rc)
      |                                           ^~~~~~~~~~~~~~~~~~~~~~~~~~~~~~~~~~~~~
      |                                           |
      |                                           char *
../src/Host/usbhost_lpc17xx.c:366:9: note: in expansion of macro 'PRINT_Err'
  366 |         PRINT_Err(rc);
      |         ^~~~~~~~~
D:\E13_V5_okno\E13_alarm_V3\usbhostlite\src/Uart/usbhost_uart.h:49:38: note: expected 'const USB_INT08U *' {aka 'const unsigned char *'} but argument is of type 'char *'
   49 | void  UART_Printf(const USB_INT08U  *format, ...);
      |                   ~~~~~~~~~~~~~~~~~~~^~~~~~
../src/Host/usbhost_lpc17xx.h:40:43: warning: pointer targets in passing argument 1 of 'UART_Printf' differ in signedness [-Wpointer-sign]
   40 | #define  PRINT_Err(rc)        UART_Printf("ERROR: In %s at Line %u - rc = %d\n", __FUNCTION__, __LINE__, rc)
      |                                           ^~~~~~~~~~~~~~~~~~~~~~~~~~~~~~~~~~~~~
      |                                           |
      |                                           char *
../src/Host/usbhost_lpc17xx.c:374:9: note: in expansion of macro 'PRINT_Err'
  374 |         PRINT_Err(rc);
      |         ^~~~~~~~~
D:\E13_V5_okno\E13_alarm_V3\usbhostlite\src/Uart/usbhost_uart.h:49:38: note: expected 'const USB_INT08U *' {aka 'const unsigned char *'} but argument is of type 'char *'
   49 | void  UART_Printf(const USB_INT08U  *format, ...);
      |                   ~~~~~~~~~~~~~~~~~~~^~~~~~
../src/Host/usbhost_lpc17xx.h:40:43: warning: pointer targets in passing argument 1 of 'UART_Printf' differ in signedness [-Wpointer-sign]
   40 | #define  PRINT_Err(rc)        UART_Printf("ERROR: In %s at Line %u - rc = %d\n", __FUNCTION__, __LINE__, rc)
      |                                           ^~~~~~~~~~~~~~~~~~~~~~~~~~~~~~~~~~~~~
      |                                           |
      |                                           char *
../src/Host/usbhost_lpc17xx.c:380:9: note: in expansion of macro 'PRINT_Err'
  380 |         PRINT_Err(rc);
      |         ^~~~~~~~~
D:\E13_V5_okno\E13_alarm_V3\usbhostlite\src/Uart/usbhost_uart.h:49:38: note: expected 'const USB_INT08U *' {aka 'const unsigned char *'} but argument is of type 'char *'
   49 | void  UART_Printf(const USB_INT08U  *format, ...);
      |                   ~~~~~~~~~~~~~~~~~~~^~~~~~
../src/Host/usbhost_lpc17xx.h:40:43: warning: pointer targets in passing argument 1 of 'UART_Printf' differ in signedness [-Wpointer-sign]
   40 | #define  PRINT_Err(rc)        UART_Printf("ERROR: In %s at Line %u - rc = %d\n", __FUNCTION__, __LINE__, rc)
      |                                           ^~~~~~~~~~~~~~~~~~~~~~~~~~~~~~~~~~~~~
      |                                           |
      |                                           char *
../src/Host/usbhost_lpc17xx.c:385:9: note: in expansion of macro 'PRINT_Err'
  385 |         PRINT_Err(rc);
      |         ^~~~~~~~~
D:\E13_V5_okno\E13_alarm_V3\usbhostlite\src/Uart/usbhost_uart.h:49:38: note: expected 'const USB_INT08U *' {aka 'const unsigned char *'} but argument is of type 'char *'
   49 | void  UART_Printf(const USB_INT08U  *format, ...);
      |                   ~~~~~~~~~~~~~~~~~~~^~~~~~
../src/Host/usbhost_lpc17xx.h:40:43: warning: pointer targets in passing argument 1 of 'UART_Printf' differ in signedness [-Wpointer-sign]
   40 | #define  PRINT_Err(rc)        UART_Printf("ERROR: In %s at Line %u - rc = %d\n", __FUNCTION__, __LINE__, rc)
      |                                           ^~~~~~~~~~~~~~~~~~~~~~~~~~~~~~~~~~~~~
      |                                           |
      |                                           char *
../src/Host/usbhost_lpc17xx.c:390:9: note: in expansion of macro 'PRINT_Err'
  390 |         PRINT_Err(rc);
      |         ^~~~~~~~~
D:\E13_V5_okno\E13_alarm_V3\usbhostlite\src/Uart/usbhost_uart.h:49:38: note: expected 'const USB_INT08U *' {aka 'const unsigned char *'} but argument is of type 'char *'
   49 | void  UART_Printf(const USB_INT08U  *format, ...);
      |                   ~~~~~~~~~~~~~~~~~~~^~~~~~
Invoking: MCU C Compiler
arm-none-eabi-gcc -DDEBUG -D__USE_CMSIS=CMSISv1p30_LPC17xx -D__CODE_RED -D__NEWLIB__ -I"D:\E13_V5_okno\E13_alarm_V3\Lib_CMSISv1p30_LPC17xx\inc" -I"D:\E13_V5_okno\E13_alarm_V3\usbhostlite\src\Include" -I"D:\E13_V5_okno\E13_alarm_V3\usbhostlite\src" -O0 -g3 -gdwarf-4 -Wall -c -fmessage-length=0 -fno-builtin -ffunction-sections -fmerge-constants -fmacro-prefix-map="../src/Fat/"= -mcpu=cortex-m3 -mthumb -D__NEWLIB__ -fstack-usage -MMD -MP -MF"src/Fat/usbhost_fat.d" -MT"src/Fat/usbhost_fat.o" -MT"src/Fat/usbhost_fat.d" -o "src/Fat/usbhost_fat.o" "../src/Fat/usbhost_fat.c"
 
Finished building: ../src/Host/usbhost_lpc17xx.c
In file included from D:\E13_V5_okno\E13_alarm_V3\usbhostlite\src\Include/usbhost_inc.h:31,
                 from ../src/Fat/usbhost_fat.h:28,
                 from ../src/Fat/usbhost_fat.c:25:
../src/Fat/usbhost_fat.c: In function 'FAT_Init':
D:\E13_V5_okno\E13_alarm_V3\usbhostlite\src/Host/usbhost_lpc17xx.h:40:43: warning: pointer targets in passing argument 1 of 'UART_Printf' differ in signedness [-Wpointer-sign]
   40 | #define  PRINT_Err(rc)        UART_Printf("ERROR: In %s at Line %u - rc = %d\n", __FUNCTION__, __LINE__, rc)
      |                                           ^~~~~~~~~~~~~~~~~~~~~~~~~~~~~~~~~~~~~
      |                                           |
      |                                           char *
../src/Fat/usbhost_fat.c:99:13: note: in expansion of macro 'PRINT_Err'
   99 |             PRINT_Err(rc);
      |             ^~~~~~~~~
In file included from D:\E13_V5_okno\E13_alarm_V3\usbhostlite\src\Include/usbhost_inc.h:30:
D:\E13_V5_okno\E13_alarm_V3\usbhostlite\src/Uart/usbhost_uart.h:49:38: note: expected 'const USB_INT08U *' {aka 'const unsigned char *'} but argument is of type 'char *'
   49 | void  UART_Printf(const USB_INT08U  *format, ...);
      |                   ~~~~~~~~~~~~~~~~~~~^~~~~~
Building file: ../src/cr_startup_lpc17.c
 
Invoking: MCU C Compiler
arm-none-eabi-gcc -DDEBUG -D__USE_CMSIS=CMSISv1p30_LPC17xx -D__CODE_RED -D__NEWLIB__ -I"D:\E13_V5_okno\E13_alarm_V3\Lib_CMSISv1p30_LPC17xx\inc" -I"D:\E13_V5_okno\E13_alarm_V3\usbhostlite\src\Include" -I"D:\E13_V5_okno\E13_alarm_V3\usbhostlite\src" -O0 -g3 -gdwarf-4 -Wall -c -fmessage-length=0 -fno-builtin -ffunction-sections -fmerge-constants -fmacro-prefix-map="../src/"= -mcpu=cortex-m3 -mthumb -D__NEWLIB__ -fstack-usage -MMD -MP -MF"src/cr_startup_lpc17.d" -MT"src/cr_startup_lpc17.o" -MT"src/cr_startup_lpc17.d" -o "src/cr_startup_lpc17.o" "../src/cr_startup_lpc17.c"
Finished building: ../src/Fat/usbhost_fat.c
 
Finished building: ../src/cr_startup_lpc17.c
 
Building target: usbhostlite.axf
Invoking: MCU Linker
arm-none-eabi-gcc -nostdlib -L"D:\E13_V5_okno\E13_alarm_V3\Lib_CMSISv1p30_LPC17xx\Debug" -Xlinker --gc-sections -Xlinker -Map=usbhostlite.map -mcpu=cortex-m3 -mthumb -T usbhostlite_Debug.ld -o "usbhostlite.axf" ./src/Uart/usbhost_uart.o  ./src/MassStorage/usbhost_ms.o  ./src/Main/usbhost_main.o  ./src/Host/usbhost_lpc17xx.o  ./src/Fat/usbhost_fat.o  ./src/cr_startup_lpc17.o    -lCMSISv1p30_LPC17xx
Finished building target: usbhostlite.axf
 
Performing post-build steps
arm-none-eabi-size usbhostlite.axf; # arm-none-eabi-objdump -h -S usbhostlite.axf >usbhostlite.lss
   text	   data	    bss	    dec	    hex	filename
  40352	   1712	    636	  42700	   a6cc	usbhostlite.axf
 

13:03:23 Build Finished. 0 errors, 31 warnings. (took 6s.596ms)

